<?xml version="1.0" encoding="UTF-8"?>
<testsuite xmlns:xsi="http://www.w3.org/2001/XMLSchema-instance" xsi:noNamespaceSchemaLocation="https://maven.apache.org/surefire/maven-surefire-plugin/xsd/surefire-test-report.xsd" name="TestSuite" time="3.779" tests="1" errors="0" skipped="0" failures="1">
  <properties>
[...]
</properties>
  <testcase name="launchAdbFrameMobile" classname="browserstack.mobile.frameSwitch" time="3.232">
    <failure message="We&apos;re sorry, but we no longer support emulators or simulators. However, you can now run your selenium tests on real iOS and Android devices. Real devices are faster and more stable. Please contact our Sales team by visiting https://www.browserstack.com/contact and creating a query related to Sales. (WARNING: The server did not provide any stacktrace information)&#10;Command duration or timeout: 2.21 seconds&#10;Build info: version: &apos;3.6.0&apos;, revision: &apos;6fbf3ec767&apos;, time: &apos;2017-09-27T15:28:36.4Z&apos;&#10;System info: host: &apos;BAN-DEVARAJLW10&apos;, ip: &apos;10.150.108.48&apos;, os.name: &apos;Windows 10&apos;, os.arch: &apos;x86&apos;, os.version: &apos;10.0&apos;, java.version: &apos;1.8.0_111&apos;&#10;Driver info: driver.version: RemoteWebDriver" type="org.openqa.selenium.WebDriverException">org.openqa.selenium.WebDriverException: 
We're sorry, but we no longer support emulators or simulators. However, you can now run your selenium tests on real iOS and Android devices. Real devices are faster and more stable. Please contact our Sales team by visiting https://www.browserstack.com/contact and creating a query related to Sales. (WARNING: The server did not provide any stacktrace information)
Command duration or timeout: 2.21 seconds
Build info: version: '3.6.0', revision: '6fbf3ec767', time: '2017-09-27T15:28:36.4Z'
System info: host: 'BAN-DEVARAJLW10', ip: '10.150.108.48', os.name: 'Windows 10', os.arch: 'x86', os.version: '10.0', java.version: '1.8.0_111'
Driver info: driver.version: RemoteWebDriver
	at browserstack.mobile.frameSwitch.launchAdbFrameMobile(frameSwitch.java:231)
</failure>
  </testcase>
</testsuite>